c:\dev\projects\arcadeapp\bin\intermediates\win32\debug\vc142.pdb
c:\dev\projects\arcadeapp\bin\intermediates\win32\debug\vc142.idb
c:\dev\projects\arcadeapp\bin\intermediates\win32\debug\utils.obj
c:\dev\projects\arcadeapp\bin\intermediates\win32\debug\vec2d.obj
c:\dev\projects\arcadeapp\bin\intermediates\win32\debug\triangle.obj
c:\dev\projects\arcadeapp\bin\intermediates\win32\debug\shape.obj
c:\dev\projects\arcadeapp\bin\intermediates\win32\debug\rectangle.obj
c:\dev\projects\arcadeapp\bin\intermediates\win32\debug\line2d.obj
c:\dev\projects\arcadeapp\bin\intermediates\win32\debug\circle.obj
c:\dev\projects\arcadeapp\bin\intermediates\win32\debug\inputcontroller.obj
c:\dev\projects\arcadeapp\bin\intermediates\win32\debug\screenbuffer.obj
c:\dev\projects\arcadeapp\bin\intermediates\win32\debug\screen.obj
c:\dev\projects\arcadeapp\bin\intermediates\win32\debug\color.obj
c:\dev\projects\arcadeapp\bin\intermediates\win32\debug\app.obj
c:\dev\projects\arcadeapp\bin\intermediates\win32\debug\gamecontroller.obj
c:\dev\projects\arcadeapp\bin\intermediates\win32\debug\arcadescene.obj
c:\dev\projects\arcadeapp\bin\intermediates\win32\debug\main.obj
c:\dev\projects\arcadeapp\bin\win32\debug\arcadeapp.exe
c:\dev\projects\arcadeapp\bin\win32\debug\arcadeapp.ilk
c:\dev\projects\arcadeapp\bin\win32\debug\arcadeapp.pdb
c:\dev\projects\arcadeapp\bin\intermediates\win32\debug\arcadeapp.tlog\cl.command.1.tlog
c:\dev\projects\arcadeapp\bin\intermediates\win32\debug\arcadeapp.tlog\cl.read.1.tlog
c:\dev\projects\arcadeapp\bin\intermediates\win32\debug\arcadeapp.tlog\cl.write.1.tlog
c:\dev\projects\arcadeapp\bin\intermediates\win32\debug\arcadeapp.tlog\link.command.1.tlog
c:\dev\projects\arcadeapp\bin\intermediates\win32\debug\arcadeapp.tlog\link.read.1.tlog
c:\dev\projects\arcadeapp\bin\intermediates\win32\debug\arcadeapp.tlog\link.write.1.tlog
